modelo 1: val=0.047823 {'detector_active_contact_fraction': 0.06892705708742142, 'detector_active_forward_fraction': 0.16987724602222443, 'detector_contact_angle_theta_mean_deg': 1.8935415744781494, 'detector_contact_angle_theta_sigma_deg': 0.9194963574409485, 'derived_vz_sigma_residual': 0.24258850514888763}
modelo 2: val=0.043853 {'detector_active_contact_fraction': 0.06794018298387527, 'detector_active_forward_fraction': 0.1631510704755783, 'detector_contact_angle_theta_mean_deg': 1.8494206666946411, 'detector_contact_angle_theta_sigma_deg': 1.1460834741592407, 'derived_vz_sigma_residual': 0.26972174644470215}
modelo 3: val=0.054523 {'detector_active_contact_fraction': 0.07868416607379913, 'detector_active_forward_fraction': 0.15626466274261475, 'detector_contact_angle_theta_mean_deg': 1.942229986190796, 'detector_contact_angle_theta_sigma_deg': 0.9015019536018372, 'derived_vz_sigma_residual': 0.2673909664154053}
[
  {
    "bin": "0.00-0.01",
    "count": 144
  },
  {
    "bin": "0.01-0.10",
    "count": 30
  },
  {
    "bin": "0.10-0.40",
    "count": 57
  },
  {
    "bin": "0.40-0.80",
    "count": 215
  },
  {
    "bin": "0.80-0.98",
    "count": 90
  },
  {
    "bin": "0.98-1.00",
    "count": 114
  }
]
Resumen: C:\Users\usuario\Documents\workshop\simplificado (modulo 3)\dt\data\inverse_active\budget_700_inverse_focused_v2\models\model_cycle_008\training_summary.json
