modelo 1: val=0.067629 {'detector_active_contact_fraction': 0.08389007300138474, 'detector_active_forward_fraction': 0.21067120134830475, 'detector_contact_angle_theta_mean_deg': 3.0999298095703125, 'detector_contact_angle_theta_sigma_deg': 1.2760363817214966, 'derived_vz_sigma_residual': 0.2806800901889801}
modelo 2: val=0.065236 {'detector_active_contact_fraction': 0.07669715583324432, 'detector_active_forward_fraction': 0.18265993893146515, 'detector_contact_angle_theta_mean_deg': 2.1271047592163086, 'detector_contact_angle_theta_sigma_deg': 1.3308228254318237, 'derived_vz_sigma_residual': 0.32616886496543884}
modelo 3: val=0.056028 {'detector_active_contact_fraction': 0.09044702351093292, 'detector_active_forward_fraction': 0.1825418919324875, 'detector_contact_angle_theta_mean_deg': 2.456355571746826, 'detector_contact_angle_theta_sigma_deg': 1.425105333328247, 'derived_vz_sigma_residual': 0.2952890992164612}
[
  {
    "bin": "0.00-0.01",
    "count": 141
  },
  {
    "bin": "0.01-0.10",
    "count": 24
  },
  {
    "bin": "0.10-0.40",
    "count": 36
  },
  {
    "bin": "0.40-0.80",
    "count": 41
  },
  {
    "bin": "0.80-0.98",
    "count": 16
  },
  {
    "bin": "0.98-1.00",
    "count": 42
  }
]
Resumen: C:\Users\usuario\Documents\workshop\simplificado (modulo 3)\dt\data\inverse_active\budget_700_inverse_focused_v2\models\model_cycle_001\training_summary.json
