modelo 1: val=0.065929 {'detector_active_contact_fraction': 0.09976691007614136, 'detector_active_forward_fraction': 0.1934157758951187, 'detector_contact_angle_theta_mean_deg': 2.9164130687713623, 'detector_contact_angle_theta_sigma_deg': 1.499997854232788, 'derived_vz_sigma_residual': 0.3269844651222229}
modelo 2: val=0.062195 {'detector_active_contact_fraction': 0.08671066910028458, 'detector_active_forward_fraction': 0.20651498436927795, 'detector_contact_angle_theta_mean_deg': 2.649827718734741, 'detector_contact_angle_theta_sigma_deg': 1.5143177509307861, 'derived_vz_sigma_residual': 0.3103329837322235}
modelo 3: val=0.066282 {'detector_active_contact_fraction': 0.10392359644174576, 'detector_active_forward_fraction': 0.22784921526908875, 'detector_contact_angle_theta_mean_deg': 2.874415397644043, 'detector_contact_angle_theta_sigma_deg': 1.6735121011734009, 'derived_vz_sigma_residual': 0.32352420687675476}
[
  {
    "bin": "0.00-0.01",
    "count": 219
  },
  {
    "bin": "0.01-0.10",
    "count": 76
  },
  {
    "bin": "0.10-0.40",
    "count": 102
  },
  {
    "bin": "0.40-0.80",
    "count": 131
  },
  {
    "bin": "0.80-0.98",
    "count": 54
  },
  {
    "bin": "0.98-1.00",
    "count": 118
  }
]
Resumen: C:\Users\usuario\Documents\workshop\simplificado (modulo 3)\dt\data\budget_simion\budget_700_viability_olhs_seed_20260704\models\model_after_0700\training_summary.json
