modelo 1: val=0.066112 {'detector_active_contact_fraction': 0.11327004432678223, 'detector_active_forward_fraction': 0.26733455061912537, 'detector_contact_angle_theta_mean_deg': 2.794437885284424, 'detector_contact_angle_theta_sigma_deg': 1.5407931804656982, 'derived_vz_sigma_residual': 0.313847154378891}
modelo 2: val=0.045263 {'detector_active_contact_fraction': 0.07147734612226486, 'detector_active_forward_fraction': 0.28027984499931335, 'detector_contact_angle_theta_mean_deg': 2.9439406394958496, 'detector_contact_angle_theta_sigma_deg': 1.625510811805725, 'derived_vz_sigma_residual': 0.3321904242038727}
modelo 3: val=0.056670 {'detector_active_contact_fraction': 0.08135225623846054, 'detector_active_forward_fraction': 0.23299217224121094, 'detector_contact_angle_theta_mean_deg': 2.713804244995117, 'detector_contact_angle_theta_sigma_deg': 1.391540288925171, 'derived_vz_sigma_residual': 0.2713548541069031}
[
  {
    "bin": "0.00-0.01",
    "count": 176
  },
  {
    "bin": "0.01-0.10",
    "count": 30
  },
  {
    "bin": "0.10-0.40",
    "count": 39
  },
  {
    "bin": "0.40-0.80",
    "count": 63
  },
  {
    "bin": "0.80-0.98",
    "count": 20
  },
  {
    "bin": "0.98-1.00",
    "count": 72
  }
]
Resumen: C:\Users\usuario\Documents\workshop\simplificado (modulo 3)\dt\data\budget_simion\budget_700_viability_olhs_seed_20260704\models\model_after_0400\training_summary.json
