modelo 1: val=0.059384 {'detector_active_contact_fraction': 0.0928894504904747, 'detector_active_forward_fraction': 0.2561171054840088, 'detector_contact_angle_theta_mean_deg': 2.6283936500549316, 'detector_contact_angle_theta_sigma_deg': 1.4157869815826416, 'derived_vz_sigma_residual': 0.2750718295574188}
modelo 2: val=0.044545 {'detector_active_contact_fraction': 0.09019293636083603, 'detector_active_forward_fraction': 0.16988559067249298, 'detector_contact_angle_theta_mean_deg': 2.0239500999450684, 'detector_contact_angle_theta_sigma_deg': 1.1088809967041016, 'derived_vz_sigma_residual': 0.22114764153957367}
modelo 3: val=0.068948 {'detector_active_contact_fraction': 0.07966253906488419, 'detector_active_forward_fraction': 0.17387738823890686, 'detector_contact_angle_theta_mean_deg': 2.609304189682007, 'detector_contact_angle_theta_sigma_deg': 1.3371648788452148, 'derived_vz_sigma_residual': 0.24804605543613434}
[
  {
    "bin": "0.00-0.01",
    "count": 208
  },
  {
    "bin": "0.01-0.10",
    "count": 34
  },
  {
    "bin": "0.10-0.40",
    "count": 65
  },
  {
    "bin": "0.40-0.80",
    "count": 102
  },
  {
    "bin": "0.80-0.98",
    "count": 42
  },
  {
    "bin": "0.98-1.00",
    "count": 99
  }
]
Resumen: C:\Users\usuario\Documents\workshop\simplificado (modulo 3)\dt\data\budget_simion\budget_1500_seed_20260704\models\model_after_0550\training_summary.json
