modelo 1: val=0.074659 {'detector_active_contact_fraction': 0.21949496865272522, 'detector_active_forward_fraction': 0.28902965784072876, 'detector_contact_angle_theta_mean_deg': 3.950136661529541, 'detector_contact_angle_theta_sigma_deg': 1.7796714305877686, 'derived_vz_sigma_residual': 0.13672128319740295}
modelo 2: val=0.120712 {'detector_active_contact_fraction': 0.2865937650203705, 'detector_active_forward_fraction': 0.29915791749954224, 'detector_contact_angle_theta_mean_deg': 1.105451226234436, 'detector_contact_angle_theta_sigma_deg': 0.8656414151191711, 'derived_vz_sigma_residual': 0.13002386689186096}
modelo 3: val=0.058652 {'detector_active_contact_fraction': 0.22990445792675018, 'detector_active_forward_fraction': 0.3794585168361664, 'detector_contact_angle_theta_mean_deg': 2.3419108390808105, 'detector_contact_angle_theta_sigma_deg': 1.2196979522705078, 'derived_vz_sigma_residual': 0.10983872413635254}
[
  {
    "bin": "0.00-0.01",
    "count": 15
  },
  {
    "bin": "0.01-0.10",
    "count": 1
  },
  {
    "bin": "0.10-0.40",
    "count": 6
  },
  {
    "bin": "0.40-0.80",
    "count": 6
  },
  {
    "bin": "0.80-0.98",
    "count": 1
  },
  {
    "bin": "0.98-1.00",
    "count": 21
  }
]
Resumen: C:\Users\usuario\Documents\workshop\simplificado (modulo 3)\dt\data\budget_simion\budget_1500_seed_20260704\models\model_after_0050\training_summary.json
